{"meta": {"format": 3, "version": "7.10.7", "timestamp": "2026-09-15T12:12:00.036619", "branch_coverage": false, "show_contexts": false}, "files": {"hybrid_trader/__init__.py": {"executed_lines": [1, 8, 9, 10, 18, 19, 21], "summary": {"covered_lines": 6, "num_statements": 6, "percent_covered": 100.0, "percent_covered_display": "100", "missing_lines": 0, "excluded_lines": 0}, "missing_lines": [], "excluded_lines": [], "functions": {"": {"executed_lines": [1, 8, 9, 10, 18, 19, 21], "summary": {"covered_lines": 6, "num_statements": 6, "percent_covered": 100.0, "percent_covered_display": "100", "missing_lines": 0, "excluded_lines": 0}, "missing_lines": [], "excluded_lines": []}}, "classes": {"": {"executed_lines": [1, 8, 9, 10, 18, 19, 21], "summary": {"covered_lines": 6, "num_statements": 6, "percent_covered": 100.0, "percent_covered_display": "100", "missing_lines": 0, "excluded_lines": 0}, "missing_lines": [], "excluded_lines": []}}}, "hybrid_trader/analysis.py": {"executed_lines": [1, 6, 7, 9, 11, 14, 15, 20, 24, 25, 57, 58, 88, 89, 126, 127, 174, 175, 226, 227, 272, 273], "summary": {"covered_lines": 20, "num_statements": 121, "percent_covered": 16.52892561983471, "percent_covered_display": "17", "missing_lines": 101, "excluded_lines": 0}, "missing_lines": [22, 39, 40, 42, 43, 45, 46, 48, 49, 50, 52, 53, 55, 73, 75, 76, 78, 79, 81, 82, 83, 84, 86, 104, 106, 107, 109, 110, 112, 113, 116, 117, 120, 121, 122, 124, 142, 144, 145, 147, 148, 150, 152, 153, 155, 156, 158, 160, 161, 162, 164, 165, 166, 168, 169, 170, 172, 195, 197, 198, 200, 201, 203, 204, 206, 207, 208, 210, 211, 212, 213, 214, 216, 217, 218, 220, 249, 251, 252, 254, 255, 257, 258, 261, 263, 264, 266, 295, 296, 298, 299, 301, 302, 303, 308, 310, 311, 313, 314, 315, 317], "excluded_lines": [], "functions": {"TechnicalAnalyzer.__init__": {"executed_lines": [], "summary": {"covered_lines": 0, "num_statements": 1, "percent_covered": 0.0, "percent_covered_display": "0", "missing_lines": 1, "excluded_lines": 0}, "missing_lines": [22], "excluded_lines": []}, "TechnicalAnalyzer.validate_price_data": {"executed_lines": [], "summary": {"covered_lines": 0, "num_statements": 12, "percent_covered": 0.0, "percent_covered_display": "0", "missing_lines": 12, "excluded_lines": 0}, "missing_lines": [39, 40, 42, 43, 45, 46, 48, 49, 50, 52, 53, 55], "excluded_lines": []}, "TechnicalAnalyzer.calculate_sma": {"executed_lines": [], "summary": {"covered_lines": 0, "num_statements": 10, "percent_covered": 0.0, "percent_covered_display": "0", "missing_lines": 10, "excluded_lines": 0}, "missing_lines": [73, 75, 76, 78, 79, 81, 82, 83, 84, 86], "excluded_lines": []}, "TechnicalAnalyzer.calculate_ema": {"executed_lines": [], "summary": {"covered_lines": 0, "num_statements": 13, "percent_covered": 0.0, "percent_covered_display": "0", "missing_lines": 13, "excluded_lines": 0}, "missing_lines": [104, 106, 107, 109, 110, 112, 113, 116, 117, 120, 121, 122, 124], "excluded_lines": []}, "TechnicalAnalyzer.calculate_rsi": {"executed_lines": [], "summary": {"covered_lines": 0, "num_statements": 21, "percent_covered": 0.0, "percent_covered_display": "0", "missing_lines": 21, "excluded_lines": 0}, "missing_lines": [142, 144, 145, 147, 148, 150, 152, 153, 155, 156, 158, 160, 161, 162, 164, 165, 166, 168, 169, 170, 172], "excluded_lines": []}, "TechnicalAnalyzer.calculate_bollinger_bands": {"executed_lines": [], "summary": {"covered_lines": 0, "num_statements": 19, "percent_covered": 0.0, "percent_covered_display": "0", "missing_lines": 19, "excluded_lines": 0}, "missing_lines": [195, 197, 198, 200, 201, 203, 204, 206, 207, 208, 210, 211, 212, 213, 214, 216, 217, 218, 220], "excluded_lines": []}, "TechnicalAnalyzer.calculate_macd": {"executed_lines": [], "summary": {"covered_lines": 0, "num_statements": 11, "percent_covered": 0.0, "percent_covered_display": "0", "missing_lines": 11, "excluded_lines": 0}, "missing_lines": [249, 251, 252, 254, 255, 257, 258, 261, 263, 264, 266], "excluded_lines": []}, "TechnicalAnalyzer.calculate_atr": {"executed_lines": [], "summary": {"covered_lines": 0, "num_statements": 14, "percent_covered": 0.0, "percent_covered_display": "0", "missing_lines": 14, "excluded_lines": 0}, "missing_lines": [295, 296, 298, 299, 301, 302, 303, 308, 310, 311, 313, 314, 315, 317], "excluded_lines": []}, "": {"executed_lines": [1, 6, 7, 9, 11, 14, 15, 20, 24, 25, 57, 58, 88, 89, 126, 127, 174, 175, 226, 227, 272, 273], "summary": {"covered_lines": 20, "num_statements": 20, "percent_covered": 100.0, "percent_covered_display": "100", "missing_lines": 0, "excluded_lines": 0}, "missing_lines": [], "excluded_lines": []}}, "classes": {"TechnicalAnalyzer": {"executed_lines": [], "summary": {"covered_lines": 0, "num_statements": 101, "percent_covered": 0.0, "percent_covered_display": "0", "missing_lines": 101, "excluded_lines": 0}, "missing_lines": [22, 39, 40, 42, 43, 45, 46, 48, 49, 50, 52, 53, 55, 73, 75, 76, 78, 79, 81, 82, 83, 84, 86, 104, 106, 107, 109, 110, 112, 113, 116, 117, 120, 121, 122, 124, 142, 144, 145, 147, 148, 150, 152, 153, 155, 156, 158, 160, 161, 162, 164, 165, 166, 168, 169, 170, 172, 195, 197, 198, 200, 201, 203, 204, 206, 207, 208, 210, 211, 212, 213, 214, 216, 217, 218, 220, 249, 251, 252, 254, 255, 257, 258, 261, 263, 264, 266, 295, 296, 298, 299, 301, 302, 303, 308, 310, 311, 313, 314, 315, 317], "excluded_lines": []}, "": {"executed_lines": [1, 6, 7, 9, 11, 14, 15, 20, 24, 25, 57, 58, 88, 89, 126, 127, 174, 175, 226, 227, 272, 273], "summary": {"covered_lines": 20, "num_statements": 20, "percent_covered": 100.0, "percent_covered_display": "100", "missing_lines": 0, "excluded_lines": 0}, "missing_lines": [], "excluded_lines": []}}}, "hybrid_trader/config.py": {"executed_lines": [1, 7, 8, 11, 12, 13, 24, 25, 26, 27, 28, 31, 32, 33, 41, 42, 45, 46, 47, 70, 71, 72, 73, 75], "summary": {"covered_lines": 20, "num_statements": 36, "percent_covered": 55.55555555555556, "percent_covered_display": "56", "missing_lines": 16, "excluded_lines": 0}, "missing_lines": [86, 88, 89, 90, 91, 92, 93, 94, 95, 96, 97, 98, 99, 101, 102, 104], "excluded_lines": [], "functions": {"TradingConfig.validate": {"executed_lines": [], "summary": {"covered_lines": 0, "num_statements": 16, "percent_covered": 0.0, "percent_covered_display": "0", "missing_lines": 16, "excluded_lines": 0}, "missing_lines": [86, 88, 89, 90, 91, 92, 93, 94, 95, 96, 97, 98, 99, 101, 102, 104], "excluded_lines": []}, "": {"executed_lines": [1, 7, 8, 11, 12, 13, 24, 25, 26, 27, 28, 31, 32, 33, 41, 42, 45, 46, 47, 70, 71, 72, 73, 75], "summary": {"covered_lines": 20, "num_statements": 20, "percent_covered": 100.0, "percent_covered_display": "100", "missing_lines": 0, "excluded_lines": 0}, "missing_lines": [], "excluded_lines": []}}, "classes": {"KISConfig": {"executed_lines": [], "summary": {"covered_lines": 0, "num_statements": 0, "percent_covered": 100.0, "percent_covered_display": "100", "missing_lines": 0, "excluded_lines": 0}, "missing_lines": [], "excluded_lines": []}, "UpbitConfig": {"executed_lines": [], "summary": {"covered_lines": 0, "num_statements": 0, "percent_covered": 100.0, "percent_covered_display": "100", "missing_lines": 0, "excluded_lines": 0}, "missing_lines": [], "excluded_lines": []}, "TradingConfig": {"executed_lines": [], "summary": {"covered_lines": 0, "num_statements": 16, "percent_covered": 0.0, "percent_covered_display": "0", "missing_lines": 16, "excluded_lines": 0}, "missing_lines": [86, 88, 89, 90, 91, 92, 93, 94, 95, 96, 97, 98, 99, 101, 102, 104], "excluded_lines": []}, "": {"executed_lines": [1, 7, 8, 11, 12, 13, 24, 25, 26, 27, 28, 31, 32, 33, 41, 42, 45, 46, 47, 70, 71, 72, 73, 75], "summary": {"covered_lines": 20, "num_statements": 20, "percent_covered": 100.0, "percent_covered_display": "100", "missing_lines": 0, "excluded_lines": 0}, "missing_lines": [], "excluded_lines": []}}}, "hybrid_trader/engine.py": {"executed_lines": [1, 7, 8, 9, 11, 12, 20, 23, 24, 58, 83, 84, 123, 124, 162, 216, 270, 320, 370, 420, 470, 517, 564, 596, 628, 667, 724, 778, 806, 810], "summary": {"covered_lines": 28, "num_statements": 267, "percent_covered": 10.486891385767791, "percent_covered_display": "10", "missing_lines": 239, "excluded_lines": 0}, "missing_lines": [69, 70, 71, 72, 73, 78, 79, 81, 96, 97, 98, 100, 105, 106, 107, 108, 113, 114, 115, 121, 136, 137, 138, 140, 144, 145, 146, 147, 152, 153, 154, 160, 182, 183, 189, 190, 192, 197, 198, 200, 202, 204, 205, 206, 207, 208, 209, 210, 236, 237, 243, 244, 246, 251, 252, 254, 256, 258, 259, 260, 261, 262, 263, 264, 291, 293, 294, 295, 297, 298, 299, 300, 301, 302, 303, 304, 305, 307, 309, 310, 311, 312, 317, 318, 341, 343, 344, 345, 347, 348, 349, 350, 351, 352, 353, 354, 355, 357, 359, 360, 361, 362, 367, 368, 392, 393, 394, 395, 396, 397, 399, 400, 402, 413, 414, 416, 417, 418, 442, 443, 444, 445, 446, 447, 449, 450, 452, 463, 464, 466, 467, 468, 491, 492, 493, 494, 496, 497, 499, 510, 511, 513, 514, 515, 538, 539, 540, 541, 543, 544, 546, 557, 558, 560, 561, 562, 580, 581, 583, 589, 590, 592, 593, 594, 612, 613, 615, 621, 622, 624, 625, 626, 641, 642, 644, 645, 647, 648, 649, 650, 651, 653, 660, 661, 663, 664, 665, 689, 690, 691, 692, 694, 695, 698, 700, 701, 702, 704, 705, 707, 717, 718, 720, 721, 722, 744, 745, 747, 748, 751, 753, 754, 759, 760, 761, 767, 768, 769, 771, 772, 774, 775, 776, 790, 791, 792, 793, 794, 795, 796, 798, 799, 800, 801, 802, 803, 804, 808, 812], "excluded_lines": [], "functions": {"HybridTradingEngine.__init__": {"executed_lines": [], "summary": {"covered_lines": 0, "num_statements": 8, "percent_covered": 0.0, "percent_covered_display": "0", "missing_lines": 8, "excluded_lines": 0}, "missing_lines": [69, 70, 71, 72, 73, 78, 79, 81], "excluded_lines": []}, "HybridTradingEngine.kis_session": {"executed_lines": [], "summary": {"covered_lines": 0, "num_statements": 12, "percent_covered": 0.0, "percent_covered_display": "0", "missing_lines": 12, "excluded_lines": 0}, "missing_lines": [96, 97, 98, 100, 105, 106, 107, 108, 113, 114, 115, 121], "excluded_lines": []}, "HybridTradingEngine.upbit_session": {"executed_lines": [], "summary": {"covered_lines": 0, "num_statements": 12, "percent_covered": 0.0, "percent_covered_display": "0", "missing_lines": 12, "excluded_lines": 0}, "missing_lines": [136, 137, 138, 140, 144, 145, 146, 147, 152, 153, 154, 160], "excluded_lines": []}, "HybridTradingEngine.get_stock_price": {"executed_lines": [], "summary": {"covered_lines": 0, "num_statements": 16, "percent_covered": 0.0, "percent_covered_display": "0", "missing_lines": 16, "excluded_lines": 0}, "missing_lines": [182, 183, 189, 190, 192, 197, 198, 200, 202, 204, 205, 206, 207, 208, 209, 210], "excluded_lines": []}, "HybridTradingEngine.get_coin_price": {"executed_lines": [], "summary": {"covered_lines": 0, "num_statements": 16, "percent_covered": 0.0, "percent_covered_display": "0", "missing_lines": 16, "excluded_lines": 0}, "missing_lines": [236, 237, 243, 244, 246, 251, 252, 254, 256, 258, 259, 260, 261, 262, 263, 264], "excluded_lines": []}, "HybridTradingEngine._call_kis_api": {"executed_lines": [], "summary": {"covered_lines": 0, "num_statements": 20, "percent_covered": 0.0, "percent_covered_display": "0", "missing_lines": 20, "excluded_lines": 0}, "missing_lines": [291, 293, 294, 295, 297, 298, 299, 300, 301, 302, 303, 304, 305, 307, 309, 310, 311, 312, 317, 318], "excluded_lines": []}, "HybridTradingEngine._call_upbit_api": {"executed_lines": [], "summary": {"covered_lines": 0, "num_statements": 20, "percent_covered": 0.0, "percent_covered_display": "0", "missing_lines": 20, "excluded_lines": 0}, "missing_lines": [341, 343, 344, 345, 347, 348, 349, 350, 351, 352, 353, 354, 355, 357, 359, 360, 361, 362, 367, 368], "excluded_lines": []}, "HybridTradingEngine.buy_stock": {"executed_lines": [], "summary": {"covered_lines": 0, "num_statements": 14, "percent_covered": 0.0, "percent_covered_display": "0", "missing_lines": 14, "excluded_lines": 0}, "missing_lines": [392, 393, 394, 395, 396, 397, 399, 400, 402, 413, 414, 416, 417, 418], "excluded_lines": []}, "HybridTradingEngine.sell_stock": {"executed_lines": [], "summary": {"covered_lines": 0, "num_statements": 14, "percent_covered": 0.0, "percent_covered_display": "0", "missing_lines": 14, "excluded_lines": 0}, "missing_lines": [442, 443, 444, 445, 446, 447, 449, 450, 452, 463, 464, 466, 467, 468], "excluded_lines": []}, "HybridTradingEngine.buy_coin": {"executed_lines": [], "summary": {"covered_lines": 0, "num_statements": 12, "percent_covered": 0.0, "percent_covered_display": "0", "missing_lines": 12, "excluded_lines": 0}, "missing_lines": [491, 492, 493, 494, 496, 497, 499, 510, 511, 513, 514, 515], "excluded_lines": []}, "HybridTradingEngine.sell_coin": {"executed_lines": [], "summary": {"covered_lines": 0, "num_statements": 12, "percent_covered": 0.0, "percent_covered_display": "0", "missing_lines": 12, "excluded_lines": 0}, "missing_lines": [538, 539, 540, 541, 543, 544, 546, 557, 558, 560, 561, 562], "excluded_lines": []}, "HybridTradingEngine.get_stock_balance": {"executed_lines": [], "summary": {"covered_lines": 0, "num_statements": 8, "percent_covered": 0.0, "percent_covered_display": "0", "missing_lines": 8, "excluded_lines": 0}, "missing_lines": [580, 581, 583, 589, 590, 592, 593, 594], "excluded_lines": []}, "HybridTradingEngine.get_coin_balance": {"executed_lines": [], "summary": {"covered_lines": 0, "num_statements": 8, "percent_covered": 0.0, "percent_covered_display": "0", "missing_lines": 8, "excluded_lines": 0}, "missing_lines": [612, 613, 615, 621, 622, 624, 625, 626], "excluded_lines": []}, "HybridTradingEngine.get_total_balance": {"executed_lines": [], "summary": {"covered_lines": 0, "num_statements": 15, "percent_covered": 0.0, "percent_covered_display": "0", "missing_lines": 15, "excluded_lines": 0}, "missing_lines": [641, 642, 644, 645, 647, 648, 649, 650, 651, 653, 660, 661, 663, 664, 665], "excluded_lines": []}, "HybridTradingEngine.get_order_history": {"executed_lines": [], "summary": {"covered_lines": 0, "num_statements": 18, "percent_covered": 0.0, "percent_covered_display": "0", "missing_lines": 18, "excluded_lines": 0}, "missing_lines": [689, 690, 691, 692, 694, 695, 698, 700, 701, 702, 704, 705, 707, 717, 718, 720, 721, 722], "excluded_lines": []}, "HybridTradingEngine.cancel_order": {"executed_lines": [], "summary": {"covered_lines": 0, "num_statements": 18, "percent_covered": 0.0, "percent_covered_display": "0", "missing_lines": 18, "excluded_lines": 0}, "missing_lines": [744, 745, 747, 748, 751, 753, 754, 759, 760, 761, 767, 768, 769, 771, 772, 774, 775, 776], "excluded_lines": []}, "HybridTradingEngine.close": {"executed_lines": [], "summary": {"covered_lines": 0, "num_statements": 14, "percent_covered": 0.0, "percent_covered_display": "0", "missing_lines": 14, "excluded_lines": 0}, "missing_lines": [790, 791, 792, 793, 794, 795, 796, 798, 799, 800, 801, 802, 803, 804], "excluded_lines": []}, "HybridTradingEngine.__enter__": {"executed_lines": [], "summary": {"covered_lines": 0, "num_statements": 1, "percent_covered": 0.0, "percent_covered_display": "0", "missing_lines": 1, "excluded_lines": 0}, "missing_lines": [808], "excluded_lines": []}, "HybridTradingEngine.__exit__": {"executed_lines": [], "summary": {"covered_lines": 0, "num_statements": 1, "percent_covered": 0.0, "percent_covered_display": "0", "missing_lines": 1, "excluded_lines": 0}, "missing_lines": [812], "excluded_lines": []}, "": {"executed_lines": [1, 7, 8, 9, 11, 12, 20, 23, 24, 58, 83, 84, 123, 124, 162, 216, 270, 320, 370, 420, 470, 517, 564, 596, 628, 667, 724, 778, 806, 810], "summary": {"covered_lines": 28, "num_statements": 28, "percent_covered": 100.0, "percent_covered_display": "100", "missing_lines": 0, "excluded_lines": 0}, "missing_lines": [], "excluded_lines": []}}, "classes": {"HybridTradingEngine": {"executed_lines": [], "summary": {"covered_lines": 0, "num_statements": 239, "percent_covered": 0.0, "percent_covered_display": "0", "missing_lines": 239, "excluded_lines": 0}, "missing_lines": [69, 70, 71, 72, 73, 78, 79, 81, 96, 97, 98, 100, 105, 106, 107, 108, 113, 114, 115, 121, 136, 137, 138, 140, 144, 145, 146, 147, 152, 153, 154, 160, 182, 183, 189, 190, 192, 197, 198, 200, 202, 204, 205, 206, 207, 208, 209, 210, 236, 237, 243, 244, 246, 251, 252, 254, 256, 258, 259, 260, 261, 262, 263, 264, 291, 293, 294, 295, 297, 298, 299, 300, 301, 302, 303, 304, 305, 307, 309, 310, 311, 312, 317, 318, 341, 343, 344, 345, 347, 348, 349, 350, 351, 352, 353, 354, 355, 357, 359, 360, 361, 362, 367, 368, 392, 393, 394, 395, 396, 397, 399, 400, 402, 413, 414, 416, 417, 418, 442, 443, 444, 445, 446, 447, 449, 450, 452, 463, 464, 466, 467, 468, 491, 492, 493, 494, 496, 497, 499, 510, 511, 513, 514, 515, 538, 539, 540, 541, 543, 544, 546, 557, 558, 560, 561, 562, 580, 581, 583, 589, 590, 592, 593, 594, 612, 613, 615, 621, 622, 624, 625, 626, 641, 642, 644, 645, 647, 648, 649, 650, 651, 653, 660, 661, 663, 664, 665, 689, 690, 691, 692, 694, 695, 698, 700, 701, 702, 704, 705, 707, 717, 718, 720, 721, 722, 744, 745, 747, 748, 751, 753, 754, 759, 760, 761, 767, 768, 769, 771, 772, 774, 775, 776, 790, 791, 792, 793, 794, 795, 796, 798, 799, 800, 801, 802, 803, 804, 808, 812], "excluded_lines": []}, "": {"executed_lines": [1, 7, 8, 9, 11, 12, 20, 23, 24, 58, 83, 84, 123, 124, 162, 216, 270, 320, 370, 420, 470, 517, 564, 596, 628, 667, 724, 778, 806, 810], "summary": {"covered_lines": 28, "num_statements": 28, "percent_covered": 100.0, "percent_covered_display": "100", "missing_lines": 0, "excluded_lines": 0}, "missing_lines": [], "excluded_lines": []}}}, "hybrid_trader/exceptions.py": {"executed_lines": [1, 17, 18, 37, 48, 52, 57, 58, 74, 94, 95, 113, 139, 140, 158, 186, 187, 205, 234, 235, 253, 282, 283, 301, 323, 324, 341], "summary": {"covered_lines": 18, "num_statements": 78, "percent_covered": 23.076923076923077, "percent_covered_display": "23", "missing_lines": 60, "excluded_lines": 3}, "missing_lines": [44, 45, 46, 50, 54, 87, 88, 89, 90, 91, 128, 129, 130, 131, 132, 133, 134, 135, 136, 173, 174, 175, 176, 177, 178, 183, 222, 223, 224, 225, 226, 227, 228, 231, 268, 269, 270, 271, 272, 273, 274, 275, 276, 277, 278, 279, 314, 315, 316, 317, 318, 319, 320, 354, 355, 356, 357, 358, 359, 360], "excluded_lines": [18, 58, 283], "functions": {"HybridTraderException.__init__": {"executed_lines": [], "summary": {"covered_lines": 0, "num_statements": 3, "percent_covered": 0.0, "percent_covered_display": "0", "missing_lines": 3, "excluded_lines": 0}, "missing_lines": [44, 45, 46], "excluded_lines": []}, "HybridTraderException.__str__": {"executed_lines": [], "summary": {"covered_lines": 0, "num_statements": 1, "percent_covered": 0.0, "percent_covered_display": "0", "missing_lines": 1, "excluded_lines": 0}, "missing_lines": [50], "excluded_lines": []}, "HybridTraderException.__repr__": {"executed_lines": [], "summary": {"covered_lines": 0, "num_statements": 1, "percent_covered": 0.0, "percent_covered_display": "0", "missing_lines": 1, "excluded_lines": 0}, "missing_lines": [54], "excluded_lines": []}, "InvalidTickerError.__init__": {"executed_lines": [], "summary": {"covered_lines": 0, "num_statements": 5, "percent_covered": 0.0, "percent_covered_display": "0", "missing_lines": 5, "excluded_lines": 0}, "missing_lines": [87, 88, 89, 90, 91], "excluded_lines": []}, "APIConnectionError.__init__": {"executed_lines": [], "summary": {"covered_lines": 0, "num_statements": 9, "percent_covered": 0.0, "percent_covered_display": "0", "missing_lines": 9, "excluded_lines": 0}, "missing_lines": [128, 129, 130, 131, 132, 133, 134, 135, 136], "excluded_lines": []}, "InsufficientBalanceError.__init__": {"executed_lines": [], "summary": {"covered_lines": 0, "num_statements": 7, "percent_covered": 0.0, "percent_covered_display": "0", "missing_lines": 7, "excluded_lines": 0}, "missing_lines": [173, 174, 175, 176, 177, 178, 183], "excluded_lines": []}, "OrderFailedError.__init__": {"executed_lines": [], "summary": {"covered_lines": 0, "num_statements": 8, "percent_covered": 0.0, "percent_covered_display": "0", "missing_lines": 8, "excluded_lines": 0}, "missing_lines": [222, 223, 224, 225, 226, 227, 228, 231], "excluded_lines": []}, "ConfigurationError.__init__": {"executed_lines": [], "summary": {"covered_lines": 0, "num_statements": 12, "percent_covered": 0.0, "percent_covered_display": "0", "missing_lines": 12, "excluded_lines": 0}, "missing_lines": [268, 269, 270, 271, 272, 273, 274, 275, 276, 277, 278, 279], "excluded_lines": []}, "SessionNotInitializedError.__init__": {"executed_lines": [], "summary": {"covered_lines": 0, "num_statements": 7, "percent_covered": 0.0, "percent_covered_display": "0", "missing_lines": 7, "excluded_lines": 0}, "missing_lines": [314, 315, 316, 317, 318, 319, 320], "excluded_lines": []}, "AnalysisError.__init__": {"executed_lines": [], "summary": {"covered_lines": 0, "num_statements": 7, "percent_covered": 0.0, "percent_covered_display": "0", "missing_lines": 7, "excluded_lines": 0}, "missing_lines": [354, 355, 356, 357, 358, 359, 360], "excluded_lines": []}, "": {"executed_lines": [1, 17, 18, 37, 48, 52, 57, 58, 74, 94, 95, 113, 139, 140, 158, 186, 187, 205, 234, 235, 253, 282, 283, 301, 323, 324, 341], "summary": {"covered_lines": 18, "num_statements": 18, "percent_covered": 100.0, "percent_covered_display": "100", "missing_lines": 0, "excluded_lines": 3}, "missing_lines": [], "excluded_lines": [18, 58, 283]}}, "classes": {"HybridTraderException": {"executed_lines": [], "summary": {"covered_lines": 0, "num_statements": 5, "percent_covered": 0.0, "percent_covered_display": "0", "missing_lines": 5, "excluded_lines": 0}, "missing_lines": [44, 45, 46, 50, 54], "excluded_lines": []}, "InvalidTickerError": {"executed_lines": [], "summary": {"covered_lines": 0, "num_statements": 5, "percent_covered": 0.0, "percent_covered_display": "0", "missing_lines": 5, "excluded_lines": 0}, "missing_lines": [87, 88, 89, 90, 91], "excluded_lines": []}, "APIConnectionError": {"executed_lines": [], "summary": {"covered_lines": 0, "num_statements": 9, "percent_covered": 0.0, "percent_covered_display": "0", "missing_lines": 9, "excluded_lines": 0}, "missing_lines": [128, 129, 130, 131, 132, 133, 134, 135, 136], "excluded_lines": []}, "InsufficientBalanceError": {"executed_lines": [], "summary": {"covered_lines": 0, "num_statements": 7, "percent_covered": 0.0, "percent_covered_display": "0", "missing_lines": 7, "excluded_lines": 0}, "missing_lines": [173, 174, 175, 176, 177, 178, 183], "excluded_lines": []}, "OrderFailedError": {"executed_lines": [], "summary": {"covered_lines": 0, "num_statements": 8, "percent_covered": 0.0, "percent_covered_display": "0", "missing_lines": 8, "excluded_lines": 0}, "missing_lines": [222, 223, 224, 225, 226, 227, 228, 231], "excluded_lines": []}, "ConfigurationError": {"executed_lines": [], "summary": {"covered_lines": 0, "num_statements": 12, "percent_covered": 0.0, "percent_covered_display": "0", "missing_lines": 12, "excluded_lines": 0}, "missing_lines": [268, 269, 270, 271, 272, 273, 274, 275, 276, 277, 278, 279], "excluded_lines": []}, "SessionNotInitializedError": {"executed_lines": [], "summary": {"covered_lines": 0, "num_statements": 7, "percent_covered": 0.0, "percent_covered_display": "0", "missing_lines": 7, "excluded_lines": 0}, "missing_lines": [314, 315, 316, 317, 318, 319, 320], "excluded_lines": []}, "AnalysisError": {"executed_lines": [], "summary": {"covered_lines": 0, "num_statements": 7, "percent_covered": 0.0, "percent_covered_display": "0", "missing_lines": 7, "excluded_lines": 0}, "missing_lines": [354, 355, 356, 357, 358, 359, 360], "excluded_lines": []}, "": {"executed_lines": [1, 17, 18, 37, 48, 52, 57, 58, 74, 94, 95, 113, 139, 140, 158, 186, 187, 205, 234, 235, 253, 282, 283, 301, 323, 324, 341], "summary": {"covered_lines": 18, "num_statements": 18, "percent_covered": 100.0, "percent_covered_display": "100", "missing_lines": 0, "excluded_lines": 3}, "missing_lines": [], "excluded_lines": [18, 58, 283]}}}, "hybrid_trader/monitoring.py": {"executed_lines": [1, 9, 10, 11, 12, 13, 14, 15, 17, 20, 21, 22, 36, 37, 38, 39, 40, 41, 44, 45, 46, 56, 57, 58, 59, 62, 63, 64, 77, 78, 79, 80, 81, 82, 83, 86, 87, 110, 130, 172, 234, 255, 291, 343, 369, 397, 416, 448, 449, 466, 489, 530, 566, 618, 642, 691, 715, 744], "summary": {"covered_lines": 52, "num_statements": 258, "percent_covered": 20.155038759689923, "percent_covered_display": "20", "missing_lines": 206, "excluded_lines": 0}, "missing_lines": [119, 120, 121, 122, 123, 124, 125, 126, 128, 154, 155, 156, 157, 159, 160, 161, 162, 163, 165, 166, 168, 169, 170, 200, 201, 202, 203, 204, 205, 207, 208, 209, 218, 219, 220, 221, 222, 224, 228, 230, 231, 232, 247, 248, 249, 251, 252, 253, 274, 275, 277, 278, 279, 280, 281, 282, 284, 285, 287, 288, 289, 313, 314, 316, 317, 318, 319, 321, 328, 329, 331, 332, 333, 335, 336, 338, 340, 341, 358, 359, 360, 361, 362, 363, 364, 366, 367, 378, 379, 380, 381, 382, 384, 385, 386, 387, 388, 390, 391, 392, 394, 395, 406, 407, 413, 414, 437, 438, 439, 440, 441, 443, 444, 445, 478, 479, 481, 482, 483, 484, 485, 487, 511, 512, 513, 514, 516, 517, 518, 524, 526, 527, 528, 545, 546, 547, 548, 550, 551, 552, 553, 555, 556, 557, 558, 560, 562, 563, 564, 579, 580, 581, 584, 588, 593, 594, 596, 606, 607, 612, 614, 615, 616, 634, 635, 636, 638, 639, 640, 660, 661, 662, 665, 666, 668, 669, 671, 680, 681, 682, 703, 704, 705, 706, 708, 709, 711, 712, 713, 730, 731, 732, 733, 734, 735, 737, 738, 740, 741, 742, 760, 761, 762, 764, 765, 766], "excluded_lines": [], "functions": {"PriceMonitor.__init__": {"executed_lines": [], "summary": {"covered_lines": 0, "num_statements": 9, "percent_covered": 0.0, "percent_covered_display": "0", "missing_lines": 9, "excluded_lines": 0}, "missing_lines": [119, 120, 121, 122, 123, 124, 125, 126, 128], "excluded_lines": []}, "PriceMonitor.watch_price": {"executed_lines": [], "summary": {"covered_lines": 0, "num_statements": 14, "percent_covered": 0.0, "percent_covered_display": "0", "missing_lines": 14, "excluded_lines": 0}, "missing_lines": [154, 155, 156, 157, 159, 160, 161, 162, 163, 165, 166, 168, 169, 170], "excluded_lines": []}, "PriceMonitor.set_alert": {"executed_lines": [], "summary": {"covered_lines": 0, "num_statements": 19, "percent_covered": 0.0, "percent_covered_display": "0", "missing_lines": 19, "excluded_lines": 0}, "missing_lines": [200, 201, 202, 203, 204, 205, 207, 208, 209, 218, 219, 220, 221, 222, 224, 228, 230, 231, 232], "excluded_lines": []}, "PriceMonitor.get_alerts": {"executed_lines": [], "summary": {"covered_lines": 0, "num_statements": 6, "percent_covered": 0.0, "percent_covered_display": "0", "missing_lines": 6, "excluded_lines": 0}, "missing_lines": [247, 248, 249, 251, 252, 253], "excluded_lines": []}, "PriceMonitor.remove_alert": {"executed_lines": [], "summary": {"covered_lines": 0, "num_statements": 13, "percent_covered": 0.0, "percent_covered_display": "0", "missing_lines": 13, "excluded_lines": 0}, "missing_lines": [274, 275, 277, 278, 279, 280, 281, 282, 284, 285, 287, 288, 289], "excluded_lines": []}, "PriceMonitor.update_price": {"executed_lines": [], "summary": {"covered_lines": 0, "num_statements": 17, "percent_covered": 0.0, "percent_covered_display": "0", "missing_lines": 17, "excluded_lines": 0}, "missing_lines": [313, 314, 316, 317, 318, 319, 321, 328, 329, 331, 332, 333, 335, 336, 338, 340, 341], "excluded_lines": []}, "PriceMonitor._trigger_callbacks": {"executed_lines": [], "summary": {"covered_lines": 0, "num_statements": 9, "percent_covered": 0.0, "percent_covered_display": "0", "missing_lines": 9, "excluded_lines": 0}, "missing_lines": [358, 359, 360, 361, 362, 363, 364, 366, 367], "excluded_lines": []}, "PriceMonitor._check_alerts": {"executed_lines": [], "summary": {"covered_lines": 0, "num_statements": 15, "percent_covered": 0.0, "percent_covered_display": "0", "missing_lines": 15, "excluded_lines": 0}, "missing_lines": [378, 379, 380, 381, 382, 384, 385, 386, 387, 388, 390, 391, 392, 394, 395], "excluded_lines": []}, "PriceMonitor._trigger_alert": {"executed_lines": [], "summary": {"covered_lines": 0, "num_statements": 4, "percent_covered": 0.0, "percent_covered_display": "0", "missing_lines": 4, "excluded_lines": 0}, "missing_lines": [406, 407, 413, 414], "excluded_lines": []}, "PriceMonitor.get_price_history": {"executed_lines": [], "summary": {"covered_lines": 0, "num_statements": 8, "percent_covered": 0.0, "percent_covered_display": "0", "missing_lines": 8, "excluded_lines": 0}, "missing_lines": [437, 438, 439, 440, 441, 443, 444, 445], "excluded_lines": []}, "PortfolioMonitor.__init__": {"executed_lines": [], "summary": {"covered_lines": 0, "num_statements": 8, "percent_covered": 0.0, "percent_covered_display": "0", "missing_lines": 8, "excluded_lines": 0}, "missing_lines": [478, 479, 481, 482, 483, 484, 485, 487], "excluded_lines": []}, "PortfolioMonitor.add_position": {"executed_lines": [], "summary": {"covered_lines": 0, "num_statements": 11, "percent_covered": 0.0, "percent_covered_display": "0", "missing_lines": 11, "excluded_lines": 0}, "missing_lines": [511, 512, 513, 514, 516, 517, 518, 524, 526, 527, 528], "excluded_lines": []}, "PortfolioMonitor.update_position_value": {"executed_lines": [], "summary": {"covered_lines": 0, "num_statements": 16, "percent_covered": 0.0, "percent_covered_display": "0", "missing_lines": 16, "excluded_lines": 0}, "missing_lines": [545, 546, 547, 548, 550, 551, 552, 553, 555, 556, 557, 558, 560, 562, 563, 564], "excluded_lines": []}, "PortfolioMonitor.track_portfolio": {"executed_lines": [], "summary": {"covered_lines": 0, "num_statements": 14, "percent_covered": 0.0, "percent_covered_display": "0", "missing_lines": 14, "excluded_lines": 0}, "missing_lines": [579, 580, 581, 584, 588, 593, 594, 596, 606, 607, 612, 614, 615, 616], "excluded_lines": []}, "PortfolioMonitor.get_portfolio_history": {"executed_lines": [], "summary": {"covered_lines": 0, "num_statements": 6, "percent_covered": 0.0, "percent_covered_display": "0", "missing_lines": 6, "excluded_lines": 0}, "missing_lines": [634, 635, 636, 638, 639, 640], "excluded_lines": []}, "PortfolioMonitor.calculate_performance": {"executed_lines": [], "summary": {"covered_lines": 0, "num_statements": 11, "percent_covered": 0.0, "percent_covered_display": "0", "missing_lines": 11, "excluded_lines": 0}, "missing_lines": [660, 661, 662, 665, 666, 668, 669, 671, 680, 681, 682], "excluded_lines": []}, "PortfolioMonitor.get_daily_pnl": {"executed_lines": [], "summary": {"covered_lines": 0, "num_statements": 9, "percent_covered": 0.0, "percent_covered_display": "0", "missing_lines": 9, "excluded_lines": 0}, "missing_lines": [703, 704, 705, 706, 708, 709, 711, 712, 713], "excluded_lines": []}, "PortfolioMonitor.remove_position": {"executed_lines": [], "summary": {"covered_lines": 0, "num_statements": 11, "percent_covered": 0.0, "percent_covered_display": "0", "missing_lines": 11, "excluded_lines": 0}, "missing_lines": [730, 731, 732, 733, 734, 735, 737, 738, 740, 741, 742], "excluded_lines": []}, "PortfolioMonitor.get_position": {"executed_lines": [], "summary": {"covered_lines": 0, "num_statements": 6, "percent_covered": 0.0, "percent_covered_display": "0", "missing_lines": 6, "excluded_lines": 0}, "missing_lines": [760, 761, 762, 764, 765, 766], "excluded_lines": []}, "": {"executed_lines": [1, 9, 10, 11, 12, 13, 14, 15, 17, 20, 21, 22, 36, 37, 38, 39, 40, 41, 44, 45, 46, 56, 57, 58, 59, 62, 63, 64, 77, 78, 79, 80, 81, 82, 83, 86, 87, 110, 130, 172, 234, 255, 291, 343, 369, 397, 416, 448, 449, 466, 489, 530, 566, 618, 642, 691, 715, 744], "summary": {"covered_lines": 52, "num_statements": 52, "percent_covered": 100.0, "percent_covered_display": "100", "missing_lines": 0, "excluded_lines": 0}, "missing_lines": [], "excluded_lines": []}}, "classes": {"PriceAlert": {"executed_lines": [], "summary": {"covered_lines": 0, "num_statements": 0, "percent_covered": 100.0, "percent_covered_display": "100", "missing_lines": 0, "excluded_lines": 0}, "missing_lines": [], "excluded_lines": []}, "PriceSnapshot": {"executed_lines": [], "summary": {"covered_lines": 0, "num_statements": 0, "percent_covered": 100.0, "percent_covered_display": "100", "missing_lines": 0, "excluded_lines": 0}, "missing_lines": [], "excluded_lines": []}, "PortfolioSnapshot": {"executed_lines": [], "summary": {"covered_lines": 0, "num_statements": 0, "percent_covered": 100.0, "percent_covered_display": "100", "missing_lines": 0, "excluded_lines": 0}, "missing_lines": [], "excluded_lines": []}, "PriceMonitor": {"executed_lines": [], "summary": {"covered_lines": 0, "num_statements": 114, "percent_covered": 0.0, "percent_covered_display": "0", "missing_lines": 114, "excluded_lines": 0}, "missing_lines": [119, 120, 121, 122, 123, 124, 125, 126, 128, 154, 155, 156, 157, 159, 160, 161, 162, 163, 165, 166, 168, 169, 170, 200, 201, 202, 203, 204, 205, 207, 208, 209, 218, 219, 220, 221, 222, 224, 228, 230, 231, 232, 247, 248, 249, 251, 252, 253, 274, 275, 277, 278, 279, 280, 281, 282, 284, 285, 287, 288, 289, 313, 314, 316, 317, 318, 319, 321, 328, 329, 331, 332, 333, 335, 336, 338, 340, 341, 358, 359, 360, 361, 362, 363, 364, 366, 367, 378, 379, 380, 381, 382, 384, 385, 386, 387, 388, 390, 391, 392, 394, 395, 406, 407, 413, 414, 437, 438, 439, 440, 441, 443, 444, 445], "excluded_lines": []}, "PortfolioMonitor": {"executed_lines": [], "summary": {"covered_lines": 0, "num_statements": 92, "percent_covered": 0.0, "percent_covered_display": "0", "missing_lines": 92, "excluded_lines": 0}, "missing_lines": [478, 479, 481, 482, 483, 484, 485, 487, 511, 512, 513, 514, 516, 517, 518, 524, 526, 527, 528, 545, 546, 547, 548, 550, 551, 552, 553, 555, 556, 557, 558, 560, 562, 563, 564, 579, 580, 581, 584, 588, 593, 594, 596, 606, 607, 612, 614, 615, 616, 634, 635, 636, 638, 639, 640, 660, 661, 662, 665, 666, 668, 669, 671, 680, 681, 682, 703, 704, 705, 706, 708, 709, 711, 712, 713, 730, 731, 732, 733, 734, 735, 737, 738, 740, 741, 742, 760, 761, 762, 764, 765, 766], "excluded_lines": []}, "": {"executed_lines": [1, 9, 10, 11, 12, 13, 14, 15, 17, 20, 21, 22, 36, 37, 38, 39, 40, 41, 44, 45, 46, 56, 57, 58, 59, 62, 63, 64, 77, 78, 79, 80, 81, 82, 83, 86, 87, 110, 130, 172, 234, 255, 291, 343, 369, 397, 416, 448, 449, 466, 489, 530, 566, 618, 642, 691, 715, 744], "summary": {"covered_lines": 52, "num_statements": 52, "percent_covered": 100.0, "percent_covered_display": "100", "missing_lines": 0, "excluded_lines": 0}, "missing_lines": [], "excluded_lines": []}}}}, "totals": {"covered_lines": 144, "num_statements": 766, "percent_covered": 18.798955613577025, "percent_covered_display": "19", "missing_lines": 622, "excluded_lines": 3}}